android/app/build/outputs/logs/manifest-merger-debug-report.txt
-- Merging decision tree log ---
manifest
ADDED from src\main\AndroidManifest.xml:1:1-57:12
INJECTED from src\main\AndroidManifest.xml:1:1-57:12
INJECTED from src\main\AndroidManifest.xml:1:1-57:12
INJECTED from src\main\AndroidManifest.xml:1:1-57:12
MERGED from src\main\AndroidManifest.xml:1:1-57:12
MERGED from [:shared_preferences_android] AndroidManifest.xml:2:1-7:12
MERGED from [:jitsi_meet] AndroidManifest.xml:2:1-19:12
MERGED from [:video_player] AndroidManifest.xml:2:1-7:12
MERGED from [:sqflite] AndroidManifest.xml:2:1-7:12
MERGED from [:url_launcher] AndroidManifest.xml:2:1-14:12
MERGED from [:path_provider_android] AndroidManifest.xml:2:1-7:12
MERGED from [:advance_pdf_viewer] AndroidManifest.xml:2:1-7:12
MERGED from [org.jitsi.react:jitsi-meet-sdk:3.3.0] AndroidManifest.xml:2:1-64:12
MERGED from [com.google.android.exoplayer:exoplayer-hls:2.14.1] AndroidManifest.xml:17:1-24:12
MERGED from [com.google.android.exoplayer:exoplayer-dash:2.14.1] AndroidManifest.xml:17:1-24:12
MERGED from [com.google.android.exoplayer:exoplayer-smoothstreaming:2.14.1] AndroidManifest.xml:17:1-24:12
MERGED from [com.google.android.exoplayer:exoplayer-core:2.14.1] AndroidManifest.xml:17:1-26:12
MERGED from [com.facebook.react:react-native-device-info:8.0.0-jitsi-7097494] AndroidManifest.xml:2:1-11:12
MERGED from [com.facebook.react:react-native-google-signin:3.0.1-jitsi-7097494] AndroidManifest.xml:2:1-11:12
MERGED from [com.facebook.react:react-native-async-storage:1.13.2-jitsi-7097494] AndroidManifest.xml:2:1-9:12
MERGED from [com.facebook.react:react-native-background-timer:2.4.0-jitsi-7097494] AndroidManifest.xml:2:1-13:12
MERGED from [com.facebook.react:react-native-calendar-events:2.0.0-jitsi-7097494] AndroidManifest.xml:2:1-14:12
MERGED from [com.facebook.react:react-native-community_netinfo:4.1.5-jitsi-7097494] AndroidManifest.xml:2:1-11:12
MERGED from [com.facebook.react:react-native-default-preference:1.4.2-jitsi-7097494] AndroidManifest.xml:2:1-11:12
MERGED from [com.facebook.react:react-native-immersive:2.0.0-jitsi-7097494] AndroidManifest.xml:2:1-11:12
MERGED from [com.facebook.react:react-native-keep-awake:4.0.0-jitsi-7097494] AndroidManifest.xml:2:1-11:12
MERGED from [com.facebook.react:react-native-sound:0.11.0-jitsi-7097494] AndroidManifest.xml:2:1-12:12
MERGED from [com.facebook.react:react-native-svg:12.1.0-jitsi-7097494] AndroidManifest.xml:2:1-9:12
MERGED from [com.facebook.react:react-native-webrtc:1.89.1-jitsi-7097494] AndroidManifest.xml:2:1-11:12
MERGED from [com.facebook.react:react-native-webview:11.0.2-jitsi-7097494] AndroidManifest.xml:2:1-23:12
MERGED from [com.facebook.react:react-native-splash-screen:3.2.0-jitsi-7097494] AndroidManifest.xml:2:1-14:12
MERGED from [com.facebook.react:react-native:0.61.5-jitsi.2] AndroidManifest.xml:2:1-13:12
MERGED from [androidx.appcompat:appcompat:1.2.0] AndroidManifest.xml:17:1-24:12
MERGED from [com.google.android.gms:play-services-auth:17.0.0] AndroidManifest.xml:17:1-39:12
MERGED from [com.google.android.gms:play-services-iid:17.0.0] AndroidManifest.xml:17:1-28:12
MERGED from [com.google.android.gms:play-services-auth-api-phone:17.0.0] AndroidManifest.xml:2:1-7:12
MERGED from [com.google.android.gms:play-services-auth-base:17.0.0] AndroidManifest.xml:2:1-7:12
MERGED from [com.google.android.gms:play-services-base:17.0.0] AndroidManifest.xml:17:1-29:12
MERGED from [com.google.android.gms:play-services-stats:17.0.0] AndroidManifest.xml:2:1-9:12
MERGED from [com.google.android.gms:play-services-tasks:17.0.0] AndroidManifest.xml:2:1-9:12
MERGED from [com.google.android.gms:play-services-basement:17.0.0] AndroidManifest.xml:17:1-28:12
MERGED from [androidx.fragment:fragment:1.2.5] AndroidManifest.xml:17:1-24:12
MERGED from [androidx.activity:activity:1.1.0] AndroidManifest.xml:17:1-24:12
MERGED from [androidx.swiperefreshlayout:swiperefreshlayout:1.1.0] AndroidManifest.xml:17:1-24:12
MERGED from [androidx.viewpager:viewpager:1.0.0] AndroidManifest.xml:17:1-22:12
MERGED from [androidx.legacy:legacy-support-core-utils:1.0.0] AndroidManifest.xml:17:1-22:12
MERGED from [androidx.loader:loader:1.0.0] AndroidManifest.xml:17:1-22:12
MERGED from [androidx.appcompat:appcompat-resources:1.2.0] AndroidManifest.xml:17:1-24:12
MERGED from [androidx.drawerlayout:drawerlayout:1.0.0] AndroidManifest.xml:17:1-22:12
MERGED from [androidx.customview:customview:1.0.0] AndroidManifest.xml:17:1-22:12
MERGED from [androidx.vectordrawable:vectordrawable-animated:1.1.0] AndroidManifest.xml:17:1-24:12
MERGED from [androidx.vectordrawable:vectordrawable:1.1.0] AndroidManifest.xml:17:1-24:12
MERGED from [androidx.core:core:1.3.0] AndroidManifest.xml:17:1-26:12
MERGED from [androidx.lifecycle:lifecycle-runtime:2.2.0] AndroidManifest.xml:17:1-24:12
MERGED from [androidx.lifecycle:lifecycle-viewmodel-savedstate:2.2.0] AndroidManifest.xml:17:1-24:12
MERGED from [androidx.lifecycle:lifecycle-livedata:2.0.0] AndroidManifest.xml:17:1-22:12
MERGED from [androidx.lifecycle:lifecycle-livedata-core:2.2.0] AndroidManifest.xml:17:1-24:12
MERGED from [androidx.savedstate:savedstate:1.0.0] AndroidManifest.xml:17:1-24:12
MERGED from [androidx.localbroadcastmanager:localbroadcastmanager:1.0.0] AndroidManifest.xml:17:1-22:12
MERGED from [com.google.android.exoplayer:exoplayer-extractor:2.14.1] AndroidManifest.xml:17:1-24:12
MERGED from [com.google.android.exoplayer:exoplayer-common:2.14.1] AndroidManifest.xml:17:1-26:12
MERGED from [androidx.arch.core:core-runtime:2.1.0] AndroidManifest.xml:17:1-24:12
MERGED from [androidx.versionedparcelable:versionedparcelable:1.1.0] AndroidManifest.xml:17:1-27:12
MERGED from [androidx.lifecycle:lifecycle-viewmodel:2.2.0] AndroidManifest.xml:17:1-24:12
MERGED from [androidx.cursoradapter:cursoradapter:1.0.0] AndroidManifest.xml:17:1-22:12
MERGED from [androidx.interpolator:interpolator:1.0.0] AndroidManifest.xml:17:1-22:12
MERGED from [androidx.documentfile:documentfile:1.0.0] AndroidManifest.xml:17:1-22:12
MERGED from [androidx.print:print:1.0.0] AndroidManifest.xml:17:1-22:12
MERGED from [org.webkit:android-jsc:r245459] AndroidManifest.xml:2:1-11:12
MERGED from [com.jakewharton.timber:timber:4.7.1] AndroidManifest.xml:2:1-9:12
MERGED from [com.squareup.duktape:duktape-android:1.3.0] AndroidManifest.xml:2:1-14:12
MERGED from [com.facebook.fresco:fresco:2.0.0] AndroidManifest.xml:2:1-9:12
MERGED from [com.facebook.fresco:imagepipeline-okhttp3:2.0.0] AndroidManifest.xml:2:1-9:12
MERGED from [com.facebook.fresco:drawee:2.0.0] AndroidManifest.xml:2:1-9:12
MERGED from [com.facebook.fresco:nativeimagefilters:2.0.0] AndroidManifest.xml:2:1-9:12
MERGED from [com.facebook.fresco:imagepipeline:2.0.0] AndroidManifest.xml:2:1-9:12
MERGED from [com.facebook.fresco:nativeimagetranscoder:2.0.0] AndroidManifest.xml:2:1-9:12
MERGED from [com.facebook.fresco:imagepipeline-base:2.0.0] AndroidManifest.xml:2:1-9:12
MERGED from [com.facebook.soloader:soloader:0.6.0] AndroidManifest.xml:2:1-13:12
MERGED from [com.android.installreferrer:installreferrer:1.1.2] AndroidManifest.xml:2:1-13:12
MERGED from [com.facebook.fresco:fbcore:2.0.0] AndroidManifest.xml:2:1-9:12
INJECTED from src\debug\AndroidManifest.xml:1:1-7:12
INJECTED from src\debug\AndroidManifest.xml:1:1-7:12
INJECTED from src\debug\AndroidManifest.xml:1:1-7:12
	package
		ADDED from src\main\AndroidManifest.xml:2:5-42
		INJECTED from src\main\AndroidManifest.xml
		INJECTED from src\debug\AndroidManifest.xml
	android:versionName
		INJECTED from src\main\AndroidManifest.xml
		ADDED from src\main\AndroidManifest.xml:1:1-57:12
		INJECTED from src\debug\AndroidManifest.xml
	xmlns:tools
		ADDED from src\main\AndroidManifest.xml:2:43-89
		ADDED from src\main\AndroidManifest.xml:2:43-89
	android:versionCode
		INJECTED from src\main\AndroidManifest.xml
		ADDED from src\main\AndroidManifest.xml:1:1-57:12
		INJECTED from src\debug\AndroidManifest.xml
	xmlns:android
		ADDED from src\main\AndroidManifest.xml:1:11-69
queries
ADDED from src\main\AndroidManifest.xml:3:5-16:15
intent#action:name:android.intent.action.VIEW+data:scheme:https
ADDED from src\main\AndroidManifest.xml:4:9-7:18
action#android.intent.action.VIEW
ADDED from src\main\AndroidManifest.xml:5:13-65
	android:name
		ADDED from src\main\AndroidManifest.xml:5:21-62
data
ADDED from src\main\AndroidManifest.xml:6:13-44
	android:scheme
		ADDED from src\main\AndroidManifest.xml:6:19-41
uses-permission#android.permission.INTERNET
ADDED from src\main\AndroidManifest.xml:17:5-67
MERGED from src\main\AndroidManifest.xml:17:5-67
MERGED from src\main\AndroidManifest.xml:17:5-67
MERGED from [org.jitsi.react:jitsi-meet-sdk:3.3.0] AndroidManifest.xml:13:5-67
MERGED from [org.jitsi.react:jitsi-meet-sdk:3.3.0] AndroidManifest.xml:13:5-67
MERGED from [com.google.android.gms:play-services-iid:17.0.0] AndroidManifest.xml:24:5-67
MERGED from [com.google.android.gms:play-services-iid:17.0.0] AndroidManifest.xml:24:5-67
	android:name
		ADDED from src\main\AndroidManifest.xml:17:22-64
application
ADDED from src\main\AndroidManifest.xml:18:4-56:19
MERGED from [:jitsi_meet] AndroidManifest.xml:7:5-17:19
MERGED from [:jitsi_meet] AndroidManifest.xml:7:5-17:19
MERGED from [:url_launcher] AndroidManifest.xml:7:5-12:19
MERGED from [:url_launcher] AndroidManifest.xml:7:5-12:19
MERGED from [org.jitsi.react:jitsi-meet-sdk:3.3.0] AndroidManifest.xml:32:5-62:19
MERGED from [org.jitsi.react:jitsi-meet-sdk:3.3.0] AndroidManifest.xml:32:5-62:19
MERGED from [com.facebook.react:react-native-webview:11.0.2-jitsi-7097494] AndroidManifest.xml:11:5-21:19
MERGED from [com.facebook.react:react-native-webview:11.0.2-jitsi-7097494] AndroidManifest.xml:11:5-21:19
MERGED from [com.facebook.react:react-native-splash-screen:3.2.0-jitsi-7097494] AndroidManifest.xml:11:5-12:19
MERGED from [com.facebook.react:react-native-splash-screen:3.2.0-jitsi-7097494] AndroidManifest.xml:11:5-12:19
MERGED from [com.facebook.react:react-native:0.61.5-jitsi.2] AndroidManifest.xml:11:5-20
MERGED from [com.facebook.react:react-native:0.61.5-jitsi.2] AndroidManifest.xml:11:5-20
MERGED from [com.google.android.gms:play-services-auth:17.0.0] AndroidManifest.xml:22:5-37:19
MERGED from [com.google.android.gms:play-services-auth:17.0.0] AndroidManifest.xml:22:5-37:19
MERGED from [com.google.android.gms:play-services-iid:17.0.0] AndroidManifest.xml:26:5-20
MERGED from [com.google.android.gms:play-services-iid:17.0.0] AndroidManifest.xml:26:5-20
MERGED from [com.google.android.gms:play-services-base:17.0.0] AndroidManifest.xml:22:5-27:19
MERGED from [com.google.android.gms:play-services-base:17.0.0] AndroidManifest.xml:22:5-27:19
MERGED from [com.google.android.gms:play-services-stats:17.0.0] AndroidManifest.xml:7:5-20
MERGED from [com.google.android.gms:play-services-stats:17.0.0] AndroidManifest.xml:7:5-20
MERGED from [com.google.android.gms:play-services-tasks:17.0.0] AndroidManifest.xml:7:5-20
MERGED from [com.google.android.gms:play-services-tasks:17.0.0] AndroidManifest.xml:7:5-20
MERGED from [com.google.android.gms:play-services-basement:17.0.0] AndroidManifest.xml:22:5-26:19
MERGED from [com.google.android.gms:play-services-basement:17.0.0] AndroidManifest.xml:22:5-26:19
MERGED from [androidx.core:core:1.3.0] AndroidManifest.xml:24:5-89
MERGED from [androidx.core:core:1.3.0] AndroidManifest.xml:24:5-89
MERGED from [androidx.versionedparcelable:versionedparcelable:1.1.0] AndroidManifest.xml:24:5-25:19
MERGED from [androidx.versionedparcelable:versionedparcelable:1.1.0] AndroidManifest.xml:24:5-25:19
MERGED from [com.jakewharton.timber:timber:4.7.1] AndroidManifest.xml:7:5-20
MERGED from [com.jakewharton.timber:timber:4.7.1] AndroidManifest.xml:7:5-20
MERGED from [com.squareup.duktape:duktape-android:1.3.0] AndroidManifest.xml:12:5-20
MERGED from [com.squareup.duktape:duktape-android:1.3.0] AndroidManifest.xml:12:5-20
MERGED from [com.facebook.soloader:soloader:0.6.0] AndroidManifest.xml:11:5-20
MERGED from [com.facebook.soloader:soloader:0.6.0] AndroidManifest.xml:11:5-20
MERGED from [com.android.installreferrer:installreferrer:1.1.2] AndroidManifest.xml:11:5-20
MERGED from [com.android.installreferrer:installreferrer:1.1.2] AndroidManifest.xml:11:5-20
	android:appComponentFactory
		ADDED from [androidx.core:core:1.3.0] AndroidManifest.xml:24:18-86
	android:supportsRtl
		ADDED from [org.jitsi.react:jitsi-meet-sdk:3.3.0] AndroidManifest.xml:35:9-35
	android:label
		ADDED from src\main\AndroidManifest.xml:20:9-34
		REJECTED from [org.jitsi.react:jitsi-meet-sdk:3.3.0] AndroidManifest.xml:34:9-41
		REJECTED from [com.facebook.react:react-native-splash-screen:3.2.0-jitsi-7097494] AndroidManifest.xml:11:18-50
	android:allowBackup
		ADDED from [org.jitsi.react:jitsi-meet-sdk:3.3.0] AndroidManifest.xml:33:9-35
	android:icon
		ADDED from src\main\AndroidManifest.xml:21:9-43
	tools:replace
		ADDED from src\main\AndroidManifest.xml:19:4-33
activity#com.example.my_lettutor_app.MainActivity
ADDED from src\main\AndroidManifest.xml:22:9-50:20
	android:launchMode
		ADDED from src\main\AndroidManifest.xml:24:13-43
	android:hardwareAccelerated
		ADDED from src\main\AndroidManifest.xml:27:13-47
	android:windowSoftInputMode
		ADDED from src\main\AndroidManifest.xml:28:13-55
	android:configChanges
		ADDED from src\main\AndroidManifest.xml:26:13-163
	android:theme
		ADDED from src\main\AndroidManifest.xml:25:13-47
	android:name
		ADDED from src\main\AndroidManifest.xml:23:13-41
meta-data#io.flutter.embedding.android.NormalTheme
ADDED from src\main\AndroidManifest.xml:33:13-36:17
	android:resource
		ADDED from src\main\AndroidManifest.xml:35:15-52
	android:name
		ADDED from src\main\AndroidManifest.xml:34:15-70
meta-data#io.flutter.embedding.android.SplashScreenDrawable
ADDED from src\main\AndroidManifest.xml:42:13-45:17
	android:resource
		ADDED from src\main\AndroidManifest.xml:44:15-61
	android:name
		ADDED from src\main\AndroidManifest.xml:43:15-79
intent-filter#action:name:android.intent.action.MAIN+category:name:android.intent.category.LAUNCHER
ADDED from src\main\AndroidManifest.xml:46:13-49:29
action#android.intent.action.MAIN
ADDED from src\main\AndroidManifest.xml:47:17-68
	android:name
		ADDED from src\main\AndroidManifest.xml:47:25-66
category#android.intent.category.LAUNCHER
ADDED from src\main\AndroidManifest.xml:48:17-76
	android:name
		ADDED from src\main\AndroidManifest.xml:48:27-74
meta-data#flutterEmbedding
ADDED from src\main\AndroidManifest.xml:53:9-55:33
	android:value
		ADDED from src\main\AndroidManifest.xml:55:13-30
	android:name
		ADDED from src\main\AndroidManifest.xml:54:13-44
uses-sdk
INJECTED from src\main\AndroidManifest.xml reason: use-sdk injection requested
INJECTED from src\main\AndroidManifest.xml
INJECTED from src\main\AndroidManifest.xml
MERGED from [:shared_preferences_android] AndroidManifest.xml:5:5-44
MERGED from [:shared_preferences_android] AndroidManifest.xml:5:5-44
MERGED from [:jitsi_meet] AndroidManifest.xml:5:5-44
MERGED from [:jitsi_meet] AndroidManifest.xml:5:5-44
MERGED from [:video_player] AndroidManifest.xml:5:5-44
MERGED from [:video_player] AndroidManifest.xml:5:5-44
MERGED from [:sqflite] AndroidManifest.xml:5:5-44
MERGED from [:sqflite] AndroidManifest.xml:5:5-44
MERGED from [:url_launcher] AndroidManifest.xml:5:5-44
MERGED from [:url_launcher] AndroidManifest.xml:5:5-44
MERGED from [:path_provider_android] AndroidManifest.xml:5:5-44
MERGED from [:path_provider_android] AndroidManifest.xml:5:5-44
MERGED from [:advance_pdf_viewer] AndroidManifest.xml:5:5-44
MERGED from [:advance_pdf_viewer] AndroidManifest.xml:5:5-44
MERGED from [org.jitsi.react:jitsi-meet-sdk:3.3.0] AndroidManifest.xml:6:5-8:41
MERGED from [org.jitsi.react:jitsi-meet-sdk:3.3.0] AndroidManifest.xml:6:5-8:41
MERGED from [com.google.android.exoplayer:exoplayer-hls:2.14.1] AndroidManifest.xml:20:5-22:41
MERGED from [com.google.android.exoplayer:exoplayer-hls:2.14.1] AndroidManifest.xml:20:5-22:41
MERGED from [com.google.android.exoplayer:exoplayer-dash:2.14.1] AndroidManifest.xml:20:5-22:41
MERGED from [com.google.android.exoplayer:exoplayer-dash:2.14.1] AndroidManifest.xml:20:5-22:41
MERGED from [com.google.android.exoplayer:exoplayer-smoothstreaming:2.14.1] AndroidManifest.xml:20:5-22:41
MERGED from [com.google.android.exoplayer:exoplayer-smoothstreaming:2.14.1] AndroidManifest.xml:20:5-22:41
MERGED from [com.google.android.exoplayer:exoplayer-core:2.14.1] AndroidManifest.xml:20:5-22:41
MERGED from [com.google.android.exoplayer:exoplayer-core:2.14.1] AndroidManifest.xml:20:5-22:41
MERGED from [com.facebook.react:react-native-device-info:8.0.0-jitsi-7097494] AndroidManifest.xml:7:5-9:41
MERGED from [com.facebook.react:react-native-device-info:8.0.0-jitsi-7097494] AndroidManifest.xml:7:5-9:41
MERGED from [com.facebook.react:react-native-google-signin:3.0.1-jitsi-7097494] AndroidManifest.xml:7:5-9:41
MERGED from [com.facebook.react:react-native-google-signin:3.0.1-jitsi-7097494] AndroidManifest.xml:7:5-9:41
MERGED from [com.facebook.react:react-native-async-storage:1.13.2-jitsi-7097494] AndroidManifest.xml:5:5-7:41
MERGED from [com.facebook.react:react-native-async-storage:1.13.2-jitsi-7097494] AndroidManifest.xml:5:5-7:41
MERGED from [com.facebook.react:react-native-background-timer:2.4.0-jitsi-7097494] AndroidManifest.xml:7:5-9:41
MERGED from [com.facebook.react:react-native-background-timer:2.4.0-jitsi-7097494] AndroidManifest.xml:7:5-9:41
MERGED from [com.facebook.react:react-native-calendar-events:2.0.0-jitsi-7097494] AndroidManifest.xml:7:5-9:41
MERGED from [com.facebook.react:react-native-calendar-events:2.0.0-jitsi-7097494] AndroidManifest.xml:7:5-9:41
MERGED from [com.facebook.react:react-native-community_netinfo:4.1.5-jitsi-7097494] AndroidManifest.xml:5:5-7:41
MERGED from [com.facebook.react:react-native-community_netinfo:4.1.5-jitsi-7097494] AndroidManifest.xml:5:5-7:41
MERGED from [com.facebook.react:react-native-default-preference:1.4.2-jitsi-7097494] AndroidManifest.xml:7:5-9:41
MERGED from [com.facebook.react:react-native-default-preference:1.4.2-jitsi-7097494] AndroidManifest.xml:7:5-9:41
MERGED from [com.facebook.react:react-native-immersive:2.0.0-jitsi-7097494] AndroidManifest.xml:7:5-9:41
MERGED from [com.facebook.react:react-native-immersive:2.0.0-jitsi-7097494] AndroidManifest.xml:7:5-9:41
MERGED from [com.facebook.react:react-native-keep-awake:4.0.0-jitsi-7097494] AndroidManifest.xml:7:5-9:41
MERGED from [com.facebook.react:react-native-keep-awake:4.0.0-jitsi-7097494] AndroidManifest.xml:7:5-9:41
MERGED from [com.facebook.react:react-native-sound:0.11.0-jitsi-7097494] AndroidManifest.xml:8:5-10:41
MERGED from [com.facebook.react:react-native-sound:0.11.0-jitsi-7097494] AndroidManifest.xml:8:5-10:41
MERGED from [com.facebook.react:react-native-svg:12.1.0-jitsi-7097494] AndroidManifest.xml:5:5-7:41
MERGED from [com.facebook.react:react-native-svg:12.1.0-jitsi-7097494] AndroidManifest.xml:5:5-7:41
MERGED from [com.facebook.react:react-native-webrtc:1.89.1-jitsi-7097494] AndroidManifest.xml:7:5-9:41
MERGED from [com.facebook.react:react-native-webrtc:1.89.1-jitsi-7097494] AndroidManifest.xml:7:5-9:41
MERGED from [com.facebook.react:react-native-webview:11.0.2-jitsi-7097494] AndroidManifest.xml:7:5-9:41
MERGED from [com.facebook.react:react-native-webview:11.0.2-jitsi-7097494] AndroidManifest.xml:7:5-9:41
MERGED from [com.facebook.react:react-native-splash-screen:3.2.0-jitsi-7097494] AndroidManifest.xml:7:5-9:41
MERGED from [com.facebook.react:react-native-splash-screen:3.2.0-jitsi-7097494] AndroidManifest.xml:7:5-9:41
MERGED from [com.facebook.react:react-native:0.61.5-jitsi.2] AndroidManifest.xml:7:5-9:41
MERGED from [com.facebook.react:react-native:0.61.5-jitsi.2] AndroidManifest.xml:7:5-9:41
MERGED from [androidx.appcompat:appcompat:1.2.0] AndroidManifest.xml:20:5-22:41
MERGED from [androidx.appcompat:appcompat:1.2.0] AndroidManifest.xml:20:5-22:41
MERGED from [com.google.android.gms:play-services-auth:17.0.0] AndroidManifest.xml:20:5-44
MERGED from [com.google.android.gms:play-services-auth:17.0.0] AndroidManifest.xml:20:5-44
MERGED from [com.google.android.gms:play-services-iid:17.0.0] AndroidManifest.xml:20:5-44
MERGED from [com.google.android.gms:play-services-iid:17.0.0] AndroidManifest.xml:20:5-44
MERGED from [com.google.android.gms:play-services-auth-api-phone:17.0.0] AndroidManifest.xml:5:5-44
MERGED from [com.google.android.gms:play-services-auth-api-phone:17.0.0] AndroidManifest.xml:5:5-44
MERGED from [com.google.android.gms:play-services-auth-base:17.0.0] AndroidManifest.xml:5:5-44
MERGED from [com.google.android.gms:play-services-auth-base:17.0.0] AndroidManifest.xml:5:5-44
MERGED from [com.google.android.gms:play-services-base:17.0.0] AndroidManifest.xml:20:5-44
MERGED from [com.google.android.gms:play-services-base:17.0.0] AndroidManifest.xml:20:5-44
MERGED from [com.google.android.gms:play-services-stats:17.0.0] AndroidManifest.xml:5:5-44
MERGED from [com.google.android.gms:play-services-stats:17.0.0] AndroidManifest.xml:5:5-44
MERGED from [com.google.android.gms:play-services-tasks:17.0.0] AndroidManifest.xml:5:5-44
MERGED from [com.google.android.gms:play-services-tasks:17.0.0] AndroidManifest.xml:5:5-44
MERGED from [com.google.android.gms:play-services-basement:17.0.0] AndroidManifest.xml:20:5-44
MERGED from [com.google.android.gms:play-services-basement:17.0.0] AndroidManifest.xml:20:5-44
MERGED from [androidx.fragment:fragment:1.2.5] AndroidManifest.xml:20:5-22:41
MERGED from [androidx.fragment:fragment:1.2.5] AndroidManifest.xml:20:5-22:41
MERGED from [androidx.activity:activity:1.1.0] AndroidManifest.xml:20:5-22:41
MERGED from [androidx.activity:activity:1.1.0] AndroidManifest.xml:20:5-22:41
MERGED from [androidx.swiperefreshlayout:swiperefreshlayout:1.1.0] AndroidManifest.xml:20:5-22:41
MERGED from [androidx.swiperefreshlayout:swiperefreshlayout:1.1.0] AndroidManifest.xml:20:5-22:41
MERGED from [androidx.viewpager:viewpager:1.0.0] AndroidManifest.xml:20:5-44
MERGED from [androidx.viewpager:viewpager:1.0.0] AndroidManifest.xml:20:5-44
MERGED from [androidx.legacy:legacy-support-core-utils:1.0.0] AndroidManifest.xml:20:5-44
MERGED from [androidx.legacy:legacy-support-core-utils:1.0.0] AndroidManifest.xml:20:5-44
MERGED from [androidx.loader:loader:1.0.0] AndroidManifest.xml:20:5-44
MERGED from [androidx.loader:loader:1.0.0] AndroidManifest.xml:20:5-44
MERGED from [androidx.appcompat:appcompat-resources:1.2.0] AndroidManifest.xml:20:5-22:41
MERGED from [androidx.appcompat:appcompat-resources:1.2.0] AndroidManifest.xml:20:5-22:41
MERGED from [androidx.drawerlayout:drawerlayout:1.0.0] AndroidManifest.xml:20:5-44
MERGED from [androidx.drawerlayout:drawerlayout:1.0.0] AndroidManifest.xml:20:5-44
MERGED from [androidx.customview:customview:1.0.0] AndroidManifest.xml:20:5-44
MERGED from [androidx.customview:customview:1.0.0] AndroidManifest.xml:20:5-44
MERGED from [androidx.vectordrawable:vectordrawable-animated:1.1.0] AndroidManifest.xml:20:5-22:41
MERGED from [androidx.vectordrawable:vectordrawable-animated:1.1.0] AndroidManifest.xml:20:5-22:41
MERGED from [androidx.vectordrawable:vectordrawable:1.1.0] AndroidManifest.xml:20:5-22:41
MERGED from [androidx.vectordrawable:vectordrawable:1.1.0] AndroidManifest.xml:20:5-22:41
MERGED from [androidx.core:core:1.3.0] AndroidManifest.xml:20:5-22:41
MERGED from [androidx.core:core:1.3.0] AndroidManifest.xml:20:5-22:41
MERGED from [androidx.lifecycle:lifecycle-runtime:2.2.0] AndroidManifest.xml:20:5-22:41
MERGED from [androidx.lifecycle:lifecycle-runtime:2.2.0] AndroidManifest.xml:20:5-22:41
MERGED from [androidx.lifecycle:lifecycle-viewmodel-savedstate:2.2.0] AndroidManifest.xml:20:5-22:41
MERGED from [androidx.lifecycle:lifecycle-viewmodel-savedstate:2.2.0] AndroidManifest.xml:20:5-22:41
MERGED from [androidx.lifecycle:lifecycle-livedata:2.0.0] AndroidManifest.xml:20:5-44
MERGED from [androidx.lifecycle:lifecycle-livedata:2.0.0] AndroidManifest.xml:20:5-44
MERGED from [androidx.lifecycle:lifecycle-livedata-core:2.2.0] AndroidManifest.xml:20:5-22:41
MERGED from [androidx.lifecycle:lifecycle-livedata-core:2.2.0] AndroidManifest.xml:20:5-22:41
MERGED from [androidx.savedstate:savedstate:1.0.0] AndroidManifest.xml:20:5-22:41
MERGED from [androidx.savedstate:savedstate:1.0.0] AndroidManifest.xml:20:5-22:41
MERGED from [androidx.localbroadcastmanager:localbroadcastmanager:1.0.0] AndroidManifest.xml:20:5-44
MERGED from [androidx.localbroadcastmanager:localbroadcastmanager:1.0.0] AndroidManifest.xml:20:5-44
MERGED from [com.google.android.exoplayer:exoplayer-extractor:2.14.1] AndroidManifest.xml:20:5-22:41
MERGED from [com.google.android.exoplayer:exoplayer-extractor:2.14.1] AndroidManifest.xml:20:5-22:41
MERGED from [com.google.android.exoplayer:exoplayer-common:2.14.1] AndroidManifest.xml:20:5-22:41
MERGED from [com.google.android.exoplayer:exoplayer-common:2.14.1] AndroidManifest.xml:20:5-22:41
MERGED from [androidx.arch.core:core-runtime:2.1.0] AndroidManifest.xml:20:5-22:41
MERGED from [androidx.arch.core:core-runtime:2.1.0] AndroidManifest.xml:20:5-22:41
MERGED from [androidx.versionedparcelable:versionedparcelable:1.1.0] AndroidManifest.xml:20:5-22:41
MERGED from [androidx.versionedparcelable:versionedparcelable:1.1.0] AndroidManifest.xml:20:5-22:41
MERGED from [androidx.lifecycle:lifecycle-viewmodel:2.2.0] AndroidManifest.xml:20:5-22:41
MERGED from [androidx.lifecycle:lifecycle-viewmodel:2.2.0] AndroidManifest.xml:20:5-22:41
MERGED from [androidx.cursoradapter:cursoradapter:1.0.0] AndroidManifest.xml:20:5-44
MERGED from [androidx.cursoradapter:cursoradapter:1.0.0] AndroidManifest.xml:20:5-44
MERGED from [androidx.interpolator:interpolator:1.0.0] AndroidManifest.xml:20:5-44
MERGED from [androidx.interpolator:interpolator:1.0.0] AndroidManifest.xml:20:5-44
MERGED from [androidx.documentfile:documentfile:1.0.0] AndroidManifest.xml:20:5-44
MERGED from [androidx.documentfile:documentfile:1.0.0] AndroidManifest.xml:20:5-44
MERGED from [androidx.print:print:1.0.0] AndroidManifest.xml:20:5-44
MERGED from [androidx.print:print:1.0.0] AndroidManifest.xml:20:5-44
MERGED from [org.webkit:android-jsc:r245459] AndroidManifest.xml:7:5-9:41
MERGED from [org.webkit:android-jsc:r245459] AndroidManifest.xml:7:5-9:41
MERGED from [com.jakewharton.timber:timber:4.7.1] AndroidManifest.xml:5:5-43
MERGED from [com.jakewharton.timber:timber:4.7.1] AndroidManifest.xml:5:5-43
MERGED from [com.squareup.duktape:duktape-android:1.3.0] AndroidManifest.xml:8:5-10:41
MERGED from [com.squareup.duktape:duktape-android:1.3.0] AndroidManifest.xml:8:5-10:41
MERGED from [com.facebook.fresco:fresco:2.0.0] AndroidManifest.xml:5:5-7:41
MERGED from [com.facebook.fresco:fresco:2.0.0] AndroidManifest.xml:5:5-7:41
MERGED from [com.facebook.fresco:imagepipeline-okhttp3:2.0.0] AndroidManifest.xml:5:5-7:41
MERGED from [com.facebook.fresco:imagepipeline-okhttp3:2.0.0] AndroidManifest.xml:5:5-7:41
MERGED from [com.facebook.fresco:drawee:2.0.0] AndroidManifest.xml:5:5-7:41
MERGED from [com.facebook.fresco:drawee:2.0.0] AndroidManifest.xml:5:5-7:41
MERGED from [com.facebook.fresco:nativeimagefilters:2.0.0] AndroidManifest.xml:5:5-7:41
MERGED from [com.facebook.fresco:nativeimagefilters:2.0.0] AndroidManifest.xml:5:5-7:41
MERGED from [com.facebook.fresco:imagepipeline:2.0.0] AndroidManifest.xml:5:5-7:41
MERGED from [com.facebook.fresco:imagepipeline:2.0.0] AndroidManifest.xml:5:5-7:41
MERGED from [com.facebook.fresco:nativeimagetranscoder:2.0.0] AndroidManifest.xml:5:5-7:41
MERGED from [com.facebook.fresco:nativeimagetranscoder:2.0.0] AndroidManifest.xml:5:5-7:41
MERGED from [com.facebook.fresco:imagepipeline-base:2.0.0] AndroidManifest.xml:5:5-7:41
MERGED from [com.facebook.fresco:imagepipeline-base:2.0.0] AndroidManifest.xml:5:5-7:41
MERGED from [com.facebook.soloader:soloader:0.6.0] AndroidManifest.xml:7:5-9:41
MERGED from [com.facebook.soloader:soloader:0.6.0] AndroidManifest.xml:7:5-9:41
MERGED from [com.android.installreferrer:installreferrer:1.1.2] AndroidManifest.xml:5:5-7:41
MERGED from [com.android.installreferrer:installreferrer:1.1.2] AndroidManifest.xml:5:5-7:41
MERGED from [com.facebook.fresco:fbcore:2.0.0] AndroidManifest.xml:5:5-7:41
MERGED from [com.facebook.fresco:fbcore:2.0.0] AndroidManifest.xml:5:5-7:41
INJECTED from src\debug\AndroidManifest.xml
INJECTED from src\debug\AndroidManifest.xml
	android:targetSdkVersion
		INJECTED from src\main\AndroidManifest.xml
		INJECTED from src\debug\AndroidManifest.xml
	android:minSdkVersion
		INJECTED from src\main\AndroidManifest.xml
		INJECTED from src\debug\AndroidManifest.xml
activity#com.gunschu.jitsi_meet.JitsiMeetPluginActivity
ADDED from [:jitsi_meet] AndroidManifest.xml:8:9-16:20
	android:launchMode
		ADDED from [:jitsi_meet] AndroidManifest.xml:11:13-44
	android:windowSoftInputMode
		ADDED from [:jitsi_meet] AndroidManifest.xml:15:13-55
	android:supportsPictureInPicture
		ADDED from [:jitsi_meet] AndroidManifest.xml:13:13-52
	android:resizeableActivity
		ADDED from [:jitsi_meet] AndroidManifest.xml:12:13-46
	android:configChanges
		ADDED from [:jitsi_meet] AndroidManifest.xml:10:13-115
	android:theme
		ADDED from [:jitsi_meet] AndroidManifest.xml:14:13-71
	android:name
		ADDED from [:jitsi_meet] AndroidManifest.xml:9:13-74
activity#io.flutter.plugins.urllauncher.WebViewActivity
ADDED from [:url_launcher] AndroidManifest.xml:8:9-11:74
	android:exported
		ADDED from [:url_launcher] AndroidManifest.xml:10:13-37
	android:theme
		ADDED from [:url_launcher] AndroidManifest.xml:11:13-71
	android:name
		ADDED from [:url_launcher] AndroidManifest.xml:9:13-74
uses-permission#android.permission.ACCESS_NETWORK_STATE
ADDED from [org.jitsi.react:jitsi-meet-sdk:3.3.0] AndroidManifest.xml:10:5-79
MERGED from [com.google.android.exoplayer:exoplayer-core:2.14.1] AndroidManifest.xml:24:5-79
MERGED from [com.google.android.exoplayer:exoplayer-core:2.14.1] AndroidManifest.xml:24:5-79
MERGED from [com.facebook.react:react-native-community_netinfo:4.1.5-jitsi-7097494] AndroidManifest.xml:9:5-79